
> web-app@0.0.0 dev
> vite --host 0.0.0.0 --port 5173


  [32m[1mVITE[22m v7.3.1[39m  [2mready in [0m[1m369[22m[2m[0m ms[22m

  [32m➜[39m  [1mLocal[22m:   [36mhttp://localhost:[1m5173[22m/[39m
  [32m➜[39m  [1mNetwork[22m: [36mhttp://192.168.151.32:[1m5173[22m/[39m
[2m[32m  ➜[39m[22m[2m  press [22m[1mh + enter[22m[2m to show help[22m
[2m22:39:05[22m [36m[1m[vite][22m[39m [90m[2m(client)[22m[39m [32mhmr update [39m[2m/src/screens/HealthScreen.tsx[22m
[2m22:39:14[22m [36m[1m[vite][22m[39m [90m[2m(client)[22m[39m [32mhmr update [39m[2m/src/screens/HealthScreen.tsx[22m
[2m22:40:03[22m [36m[1m[vite][22m[39m [90m[2m(client)[22m[39m [32mhmr update [39m[2m/src/screens/HealthScreen.tsx[22m
[2m22:40:42[22m [36m[1m[vite][22m[39m [90m[2m(client)[22m[39m [32mhmr update [39m[2m/src/screens/HealthScreen.tsx[22m
[2m22:41:36[22m [36m[1m[vite][22m[39m [90m[2m(client)[22m[39m [32mhmr update [39m[2m/src/screens/HealthScreen.tsx[22m
[2m22:41:43[22m [36m[1m[vite][22m[39m [90m[2m(client)[22m[39m [32mhmr update [39m[2m/src/screens/HealthScreen.tsx[22m
[2m22:47:22[22m [36m[1m[vite][22m[39m [90m[2m(client)[22m[39m [32mhmr update [39m[2m/src/screens/HealthScreen.tsx[22m
[2m22:47:51[22m [36m[1m[vite][22m[39m [90m[2m(client)[22m[39m [32mhmr update [39m[2m/src/screens/HealthScreen.tsx[22m
[2m22:47:59[22m [36m[1m[vite][22m[39m [90m[2m(client)[22m[39m [32mhmr update [39m[2m/src/screens/HealthScreen.tsx[22m
[2m22:48:24[22m [36m[1m[vite][22m[39m [90m[2m(client)[22m[39m [32mhmr update [39m[2m/src/screens/HealthScreen.tsx[22m
[2m22:49:07[22m [36m[1m[vite][22m[39m [90m[2m(client)[22m[39m [32mhmr update [39m[2m/src/screens/HealthScreen.tsx[22m
[2m22:49:51[22m [36m[1m[vite][22m[39m [90m[2m(client)[22m[39m [32mhmr update [39m[2m/src/screens/HealthScreen.tsx[22m
[2m22:50:03[22m [36m[1m[vite][22m[39m [90m[2m(client)[22m[39m [32mhmr update [39m[2m/src/screens/HealthScreen.tsx[22m
[2m8:35:41[22m [36m[1m[vite][22m[39m [90m[2m(client)[22m[39m [32mhmr update [39m[2m/src/App.tsx[22m
[2m8:35:44[22m [36m[1m[vite][22m[39m [90m[2m(client)[22m[39m [32mhmr update [39m[2m/src/App.tsx[22m
[2m8:35:49[22m [36m[1m[vite][22m[39m [90m[2m(client)[22m[39m [32mhmr update [39m[2m/src/App.tsx[22m
[2m8:35:53[22m [36m[1m[vite][22m[39m [90m[2m(client)[22m[39m [32mhmr update [39m[2m/src/App.tsx[22m
[2m8:35:59[22m [36m[1m[vite][22m[39m [90m[2m(client)[22m[39m [32mhmr update [39m[2m/src/App.tsx[22m
[2m8:36:05[22m [36m[1m[vite][22m[39m [90m[2m(client)[22m[39m [32mhmr update [39m[2m/src/App.tsx[22m
[2m10:32:56[22m [36m[1m[vite][22m[39m [90m[2m(client)[22m[39m [32mhmr update [39m[2m/src/screens/MealScreen.tsx, /src/screens/AiScreen.tsx, /src/screens/HomeScreen.tsx, /src/screens/ExerciseScreen.tsx, /src/screens/HealthScreen.tsx[22m
[2m10:32:58[22m [36m[1m[vite][22m[39m [90m[2m(client)[22m[39m [32mhmr update [39m[2m/src/App.tsx[22m
[2m10:34:19[22m [36m[1m[vite][22m[39m [90m[2m(client)[22m[39m [32mhmr update [39m[2m/src/screens/HomeScreen.tsx[22m
[2m10:34:23[22m [36m[1m[vite][22m[39m [90m[2m(client)[22m[39m [32mhmr update [39m[2m/src/screens/HomeScreen.css[22m
[2m10:56:58[22m [36m[1m[vite][22m[39m [90m[2m(client)[22m[39m [32mhmr update [39m[2m/src/screens/HomeScreen.tsx[22m
[2m11:18:52[22m [36m[1m[vite][22m[39m [90m[2m(client)[22m[39m [32mhmr update [39m[2m/src/screens/HomeScreen.css[22m
[2m12:33:30[22m [36m[1m[vite][22m[39m [90m[2m(client)[22m[39m [32mhmr update [39m[2m/src/screens/HomeScreen.tsx[22m
[2m12:33:30[22m [36m[1m[vite][22m[39m [90m[2m(client)[22m[39m [32mhmr update [39m[2m/src/screens/HomeScreen.css[22m
[2m12:39:38[22m [36m[1m[vite][22m[39m [90m[2m(client)[22m[39m [32mhmr update [39m[2m/src/screens/MealScreen.tsx, /src/screens/AiScreen.tsx, /src/screens/HomeScreen.tsx, /src/screens/ExerciseScreen.tsx, /src/screens/HealthScreen.tsx[22m
[2m12:39:45[22m [36m[1m[vite][22m[39m [90m[2m(client)[22m[39m [32mhmr update [39m[2m/src/screens/HomeScreen.tsx[22m
[2m12:46:15[22m [36m[1m[vite][22m[39m [90m[2m(client)[22m[39m [32mhmr update [39m[2m/src/components/DateNavBar.tsx[22m
[2m12:46:26[22m [36m[1m[vite][22m[39m [90m[2m(client)[22m[39m [32mhmr update [39m[2m/src/screens/MyScreen.tsx[22m
[2m12:56:29[22m [36m[1m[vite][22m[39m [32m.env.local changed, restarting server...[39m
[2m12:56:30[22m [36m[1m[vite][22m[39m server restarted.
[2m13:00:41[22m [36m[1m[vite][22m[39m [32m.env.local changed, restarting server...[39m
[2m13:00:42[22m [36m[1m[vite][22m[39m server restarted.
[2m14:31:31[22m [36m[1m[vite][22m[39m [90m[2m(client)[22m[39m [32mhmr update [39m[2m/src/screens/HealthScreen.tsx[22m
[2m14:31:44[22m [36m[1m[vite][22m[39m [90m[2m(client)[22m[39m [32mhmr update [39m[2m/src/screens/HealthScreen.tsx[22m
[2m14:34:36[22m [36m[1m[vite][22m[39m [90m[2m(client)[22m[39m [32mhmr update [39m[2m/src/screens/HomeScreen.tsx, /src/screens/ExerciseScreen.tsx, /src/screens/HealthScreen.tsx, /src/screens/MealScreen.tsx[22m
[2m14:46:52[22m [36m[1m[vite][22m[39m [90m[2m(client)[22m[39m [32mhmr update [39m[2m/src/components/SegmentSelector.css[22m
[2m14:49:47[22m [36m[1m[vite][22m[39m [90m[2m(client)[22m[39m [32mhmr update [39m[2m/src/screens/HealthScreen.tsx[22m
[2m14:52:54[22m [36m[1m[vite][22m[39m [90m[2m(client)[22m[39m [32mhmr update [39m[2m/src/screens/HealthScreen.tsx[22m
[2m14:53:43[22m [36m[1m[vite][22m[39m [90m[2m(client)[22m[39m [32mhmr update [39m[2m/src/screens/HealthScreen.css[22m
[2m14:53:55[22m [36m[1m[vite][22m[39m [90m[2m(client)[22m[39m [32mhmr update [39m[2m/src/components/SegmentSelector.css[22m
[2m14:54:16[22m [36m[1m[vite][22m[39m [90m[2m(client)[22m[39m [32mhmr update [39m[2m/src/screens/HealthScreen.tsx[22m
[2m15:08:40[22m [36m[1m[vite][22m[39m [90m[2m(client)[22m[39m [32mhmr update [39m[2m/src/screens/HealthScreen.tsx[22m
[2m15:09:26[22m [36m[1m[vite][22m[39m [90m[2m(client)[22m[39m [32mhmr update [39m[2m/src/screens/HealthScreen.tsx[22m
[2m15:09:49[22m [36m[1m[vite][22m[39m [90m[2m(client)[22m[39m [32mhmr update [39m[2m/src/screens/HealthScreen.tsx[22m
[2m15:16:19[22m [36m[1m[vite][22m[39m [90m[2m(client)[22m[39m [32mhmr update [39m[2m/src/screens/HealthScreen.tsx[22m
[2m15:17:13[22m [36m[1m[vite][22m[39m [90m[2m(client)[22m[39m [32mhmr update [39m[2m/src/screens/HealthScreen.tsx[22m
[2m15:17:34[22m [36m[1m[vite][22m[39m [90m[2m(client)[22m[39m [32mhmr update [39m[2m/src/screens/HealthScreen.tsx[22m
[2m15:38:21[22m [36m[1m[vite][22m[39m [90m[2m(client)[22m[39m [32mhmr update [39m[2m/src/screens/HealthScreen.tsx[22m
[2m15:40:45[22m [36m[1m[vite][22m[39m [90m[2m(client)[22m[39m [32mhmr update [39m[2m/src/screens/HomeScreen.tsx, /src/screens/ExerciseScreen.tsx, /src/screens/HealthScreen.tsx, /src/screens/MealScreen.tsx[22m
[2m15:41:01[22m [36m[1m[vite][22m[39m [90m[2m(client)[22m[39m [32mhmr update [39m[2m/src/screens/HealthScreen.tsx[22m
[2m15:41:20[22m [36m[1m[vite][22m[39m [90m[2m(client)[22m[39m [32mhmr update [39m[2m/src/screens/HealthScreen.tsx[22m
[2m15:41:38[22m [36m[1m[vite][22m[39m [90m[2m(client)[22m[39m [32mhmr update [39m[2m/src/screens/HealthScreen.tsx[22m
[2m15:45:44[22m [36m[1m[vite][22m[39m [90m[2m(client)[22m[39m [32mhmr update [39m[2m/src/screens/HealthScreen.tsx[22m
[2m15:46:07[22m [36m[1m[vite][22m[39m [90m[2m(client)[22m[39m [32mhmr update [39m[2m/src/screens/HealthScreen.tsx[22m
[2m15:46:48[22m [36m[1m[vite][22m[39m [90m[2m(client)[22m[39m [32mhmr update [39m[2m/src/screens/HealthScreen.tsx[22m
[2m15:53:11[22m [36m[1m[vite][22m[39m [90m[2m(client)[22m[39m [32mhmr update [39m[2m/src/screens/HealthScreen.tsx[22m
[2m15:53:45[22m [36m[1m[vite][22m[39m [90m[2m(client)[22m[39m [32mhmr update [39m[2m/src/screens/HealthScreen.tsx[22m
[2m15:54:01[22m [36m[1m[vite][22m[39m [90m[2m(client)[22m[39m [32mhmr update [39m[2m/src/screens/HealthScreen.tsx[22m
